2017-03-08
20:11: Beginning parse:
Error during parsing of ../catalog_html/2017-03-08/CHEN4.html:
  Unable to parse file
Error during parsing of ../catalog_html/2017-03-08/CVEN7.html:
  Unable to parse file
Error during parsing of ../catalog_html/2017-03-08/CVEN9.html:
  Unable to parse file
Error during parsing of ../catalog_html/2017-03-08/JOUR1.html:
  Unable to parse file
Error during parsing of ../catalog_html/2017-03-08/OPMG1.html:
  Unable to parse file
Error during parsing of ../catalog_html/2017-03-08/RSEI1.html:
  Unable to parse file
20:11: Parse finished
2017-03-09
01:22: Beginning parse:
2017-03-09
01:24: Beginning parse:
2017-03-09
05:35: Beginning parse:
2017-03-09
05:43: Beginning parse:
05:43: Parse finished
2017-03-09
07:41: Beginning parse:
07:41: Parse finished
2017-03-09
18:15: Beginning parse:
18:15: Parse finished
2017-03-09
18:26: Beginning parse:
18:27: Parse finished
2017-03-09
18:48: Beginning parse:
18:49: Parse finished
2017-04-04
02:24: Beginning parse:
02:24: Parse finished
2017-04-05
03:36: Beginning parse:
03:36: Parse finished
2017-04-07
03:03: Beginning parse:
03:04: Parse finished
