2017-03-09
07:22: Beggining new data harvest
Error exapnding classes BAKR:
  Message: no such element: Unable to locate element: {"method":"id","selector":"CU_CLS_RSL_WRK_CU_SSR_EXPAND_ALL"}
  (Session info: chrome=57.0.2987.88)
  (Driver info: chromedriver=2.27.440174 (e97a722caafc2d3a8b807ee115bfb307f7d2cfd9),platform=Mac OS X 10.11.6 x86_64)

Error exapnding classes BMEN:
  Message: no such element: Unable to locate element: {"method":"id","selector":"CU_CLS_RSL_WRK_CU_SSR_EXPAND_ALL"}
  (Session info: chrome=57.0.2987.88)
  (Driver info: chromedriver=2.27.440174 (e97a722caafc2d3a8b807ee115bfb307f7d2cfd9),platform=Mac OS X 10.11.6 x86_64)

Error exapnding classes BPOL:
  Message: no such element: Unable to locate element: {"method":"id","selector":"CU_CLS_RSL_WRK_CU_SSR_EXPAND_ALL"}
  (Session info: chrome=57.0.2987.88)
  (Driver info: chromedriver=2.27.440174 (e97a722caafc2d3a8b807ee115bfb307f7d2cfd9),platform=Mac OS X 10.11.6 x86_64)

Error exapnding classes CHEM:
  Message: no such element: Unable to locate element: {"method":"id","selector":"CU_CLS_RSL_WRK_CU_SSR_EXPAND_ALL"}
  (Session info: chrome=57.0.2987.88)
  (Driver info: chromedriver=2.27.440174 (e97a722caafc2d3a8b807ee115bfb307f7d2cfd9),platform=Mac OS X 10.11.6 x86_64)

Error exapnding classes EALC:
  Message: no such element: Unable to locate element: {"method":"id","selector":"CU_CLS_RSL_WRK_CU_SSR_EXPAND_ALL"}
  (Session info: chrome=57.0.2987.88)
  (Driver info: chromedriver=2.27.440174 (e97a722caafc2d3a8b807ee115bfb307f7d2cfd9),platform=Mac OS X 10.11.6 x86_64)

Error exapnding classes EDEN:
  Message: no such element: Unable to locate element: {"method":"id","selector":"CU_CLS_RSL_WRK_CU_SSR_EXPAND_ALL"}
  (Session info: chrome=57.0.2987.88)
  (Driver info: chromedriver=2.27.440174 (e97a722caafc2d3a8b807ee115bfb307f7d2cfd9),platform=Mac OS X 10.11.6 x86_64)

Error exapnding classes ESLG:
  Message: no such element: Unable to locate element: {"method":"id","selector":"CU_CLS_RSL_WRK_CU_SSR_EXPAND_ALL"}
  (Session info: chrome=57.0.2987.88)
  (Driver info: chromedriver=2.27.440174 (e97a722caafc2d3a8b807ee115bfb307f7d2cfd9),platform=Mac OS X 10.11.6 x86_64)

Error exapnding classes FARR:
  Message: no such element: Unable to locate element: {"method":"id","selector":"CU_CLS_RSL_WRK_CU_SSR_EXPAND_ALL"}
  (Session info: chrome=57.0.2987.88)
  (Driver info: chromedriver=2.27.440174 (e97a722caafc2d3a8b807ee115bfb307f7d2cfd9),platform=Mac OS X 10.11.6 x86_64)

Error exapnding classes FINN:
  Message: no such element: Unable to locate element: {"method":"id","selector":"CU_CLS_RSL_WRK_CU_SSR_EXPAND_ALL"}
  (Session info: chrome=57.0.2987.88)
  (Driver info: chromedriver=2.27.440174 (e97a722caafc2d3a8b807ee115bfb307f7d2cfd9),platform=Mac OS X 10.11.6 x86_64)

Error exapnding classes GRTE:
  Message: no such element: Unable to locate element: {"method":"id","selector":"CU_CLS_RSL_WRK_CU_SSR_EXPAND_ALL"}
  (Session info: chrome=57.0.2987.88)
  (Driver info: chromedriver=2.27.440174 (e97a722caafc2d3a8b807ee115bfb307f7d2cfd9),platform=Mac OS X 10.11.6 x86_64)

Error exapnding classes GSAP:
  Message: no such element: Unable to locate element: {"method":"id","selector":"CU_CLS_RSL_WRK_CU_SSR_EXPAND_ALL"}
  (Session info: chrome=57.0.2987.88)
  (Driver info: chromedriver=2.27.440174 (e97a722caafc2d3a8b807ee115bfb307f7d2cfd9),platform=Mac OS X 10.11.6 x86_64)

Error exapnding classes INDO:
  Message: no such element: Unable to locate element: {"method":"id","selector":"CU_CLS_RSL_WRK_CU_SSR_EXPAND_ALL"}
  (Session info: chrome=57.0.2987.88)
  (Driver info: chromedriver=2.27.440174 (e97a722caafc2d3a8b807ee115bfb307f7d2cfd9),platform=Mac OS X 10.11.6 x86_64)

Error exapnding classes JOUR:
  Message: no such element: Unable to locate element: {"method":"id","selector":"CU_CLS_RSL_WRK_CU_SSR_EXPAND_ALL"}
  (Session info: chrome=57.0.2987.88)
  (Driver info: chromedriver=2.27.440174 (e97a722caafc2d3a8b807ee115bfb307f7d2cfd9),platform=Mac OS X 10.11.6 x86_64)

Error exapnding classes LDSP:
  Message: no such element: Unable to locate element: {"method":"id","selector":"CU_CLS_RSL_WRK_CU_SSR_EXPAND_ALL"}
  (Session info: chrome=57.0.2987.88)
  (Driver info: chromedriver=2.27.440174 (e97a722caafc2d3a8b807ee115bfb307f7d2cfd9),platform=Mac OS X 10.11.6 x86_64)

Error exapnding classes LGTC:
  Message: no such element: Unable to locate element: {"method":"id","selector":"CU_CLS_RSL_WRK_CU_SSR_EXPAND_ALL"}
  (Session info: chrome=57.0.2987.88)
  (Driver info: chromedriver=2.27.440174 (e97a722caafc2d3a8b807ee115bfb307f7d2cfd9),platform=Mac OS X 10.11.6 x86_64)

Error exapnding classes LIBB:
  Message: no such element: Unable to locate element: {"method":"id","selector":"CU_CLS_RSL_WRK_CU_SSR_EXPAND_ALL"}
  (Session info: chrome=57.0.2987.88)
  (Driver info: chromedriver=2.27.440174 (e97a722caafc2d3a8b807ee115bfb307f7d2cfd9),platform=Mac OS X 10.11.6 x86_64)

Error exapnding classes MSBC:
  Message: no such element: Unable to locate element: {"method":"id","selector":"CU_CLS_RSL_WRK_CU_SSR_EXPAND_ALL"}
  (Session info: chrome=57.0.2987.88)
  (Driver info: chromedriver=2.27.440174 (e97a722caafc2d3a8b807ee115bfb307f7d2cfd9),platform=Mac OS X 10.11.6 x86_64)

Error exapnding classes NORW:
  Message: no such element: Unable to locate element: {"method":"id","selector":"CU_CLS_RSL_WRK_CU_SSR_EXPAND_ALL"}
  (Session info: chrome=57.0.2987.88)
  (Driver info: chromedriver=2.27.440174 (e97a722caafc2d3a8b807ee115bfb307f7d2cfd9),platform=Mac OS X 10.11.6 x86_64)

Error exapnding classes OPMG:
  Message: no such element: Unable to locate element: {"method":"id","selector":"CU_CLS_RSL_WRK_CU_SSR_EXPAND_ALL"}
  (Session info: chrome=57.0.2987.88)
  (Driver info: chromedriver=2.27.440174 (e97a722caafc2d3a8b807ee115bfb307f7d2cfd9),platform=Mac OS X 10.11.6 x86_64)

Error exapnding classes PMUS:
  Message: no such element: Unable to locate element: {"method":"id","selector":"CU_CLS_RSL_WRK_CU_SSR_EXPAND_ALL"}
  (Session info: chrome=57.0.2987.88)
  (Driver info: chromedriver=2.27.440174 (e97a722caafc2d3a8b807ee115bfb307f7d2cfd9),platform=Mac OS X 10.11.6 x86_64)

Error exapnding classes RSEI:
  Message: no such element: Unable to locate element: {"method":"id","selector":"CU_CLS_RSL_WRK_CU_SSR_EXPAND_ALL"}
  (Session info: chrome=57.0.2987.88)
  (Driver info: chromedriver=2.27.440174 (e97a722caafc2d3a8b807ee115bfb307f7d2cfd9),platform=Mac OS X 10.11.6 x86_64)

Error exapnding classes SEWL:
  Message: no such element: Unable to locate element: {"method":"id","selector":"CU_CLS_RSL_WRK_CU_SSR_EXPAND_ALL"}
  (Session info: chrome=57.0.2987.88)
  (Driver info: chromedriver=2.27.440174 (e97a722caafc2d3a8b807ee115bfb307f7d2cfd9),platform=Mac OS X 10.11.6 x86_64)

Error exapnding classes SNSK:
  Message: no such element: Unable to locate element: {"method":"id","selector":"CU_CLS_RSL_WRK_CU_SSR_EXPAND_ALL"}
  (Session info: chrome=57.0.2987.88)
  (Driver info: chromedriver=2.27.440174 (e97a722caafc2d3a8b807ee115bfb307f7d2cfd9),platform=Mac OS X 10.11.6 x86_64)

Error exapnding classes SSIR:
  Message: no such element: Unable to locate element: {"method":"id","selector":"CU_CLS_RSL_WRK_CU_SSR_EXPAND_ALL"}
  (Session info: chrome=57.0.2987.88)
  (Driver info: chromedriver=2.27.440174 (e97a722caafc2d3a8b807ee115bfb307f7d2cfd9),platform=Mac OS X 10.11.6 x86_64)

Error exapnding classes SUST:
  Message: no such element: Unable to locate element: {"method":"id","selector":"CU_CLS_RSL_WRK_CU_SSR_EXPAND_ALL"}
  (Session info: chrome=57.0.2987.88)
  (Driver info: chromedriver=2.27.440174 (e97a722caafc2d3a8b807ee115bfb307f7d2cfd9),platform=Mac OS X 10.11.6 x86_64)

Error exapnding classes TBTN:
  Message: no such element: Unable to locate element: {"method":"id","selector":"CU_CLS_RSL_WRK_CU_SSR_EXPAND_ALL"}
  (Session info: chrome=57.0.2987.88)
  (Driver info: chromedriver=2.27.440174 (e97a722caafc2d3a8b807ee115bfb307f7d2cfd9),platform=Mac OS X 10.11.6 x86_64)

Error exapnding classes WMST:
  Message: no such element: Unable to locate element: {"method":"id","selector":"CU_CLS_RSL_WRK_CU_SSR_EXPAND_ALL"}
  (Session info: chrome=57.0.2987.88)
  (Driver info: chromedriver=2.27.440174 (e97a722caafc2d3a8b807ee115bfb307f7d2cfd9),platform=Mac OS X 10.11.6 x86_64)

Error exapnding classes YIDD:
  Message: no such element: Unable to locate element: {"method":"id","selector":"CU_CLS_RSL_WRK_CU_SSR_EXPAND_ALL"}
  (Session info: chrome=57.0.2987.88)
  (Driver info: chromedriver=2.27.440174 (e97a722caafc2d3a8b807ee115bfb307f7d2cfd9),platform=Mac OS X 10.11.6 x86_64)

07:41: Finished data harvest
